
Showing logs for build [32mcb-kubecd-environment-pr-195-34-6qwxk-1[0m stage [32mfrom-build-pack[0m and container [32mstep-credential-initializer-d8zmm[0m
{"level":"warn","ts":1586243399.8431275,"logger":"fallback-logger","caller":"logging/config.go:69","msg":"Fetch GitHub commit ID from kodata failed: \"ref: refs/heads/0.8.0-**-support-backwards-incompats\" is not a valid GitHub commit ID"}
{"level":"info","ts":1586243399.8440375,"logger":"fallback-logger","caller":"creds-init/main.go:40","msg":"Credentials initialized."}

Showing logs for build [32mcb-kubecd-environment-pr-195-34-6qwxk-1[0m stage [32mfrom-build-pack[0m and container [32mstep-working-dir-initializer-v6tbn[0m
{"level":"warn","ts":1586243401.3629274,"logger":"fallback-logger","caller":"logging/config.go:69","msg":"Fetch GitHub commit ID from kodata failed: open /var/run/ko/HEAD: no such file or directory"}
{"level":"info","ts":1586243401.3682024,"logger":"fallback-logger","caller":"bash/main.go:64","msg":"Successfully executed command \"sh -c mkdir -p /workspace/source\"; output "}

Showing logs for build [32mcb-kubecd-environment-pr-195-34-6qwxk-1[0m stage [32mfrom-build-pack[0m and container [32mstep-place-tools[0m

Showing logs for build [32mcb-kubecd-environment-pr-195-34-6qwxk-1[0m stage [32mfrom-build-pack[0m and container [32mstep-git-source-cb-kubecd-environment-pr-195-34-6qwxk-tgqqr[0m
{"level":"warn","ts":1586243407.4476278,"logger":"fallback-logger","caller":"logging/config.go:69","msg":"Fetch GitHub commit ID from kodata failed: \"ref: refs/heads/0.8.0-**-support-backwards-incompats\" is not a valid GitHub commit ID"}
{"level":"info","ts":1586243408.5353785,"logger":"fallback-logger","caller":"git/git.go:103","msg":"Successfully cloned https://github.com/cb-kubecd/environment-pr-195-34-boot-gke-staging.git @ master in path /workspace/source"}

Showing logs for build [32mcb-kubecd-environment-pr-195-34-6qwxk-1[0m stage [32mfrom-build-pack[0m and container [32mstep-git-merge[0m
Using SHAs from PULL_REFS=master:b9c6d8be9f2ffde8ec8e88f57843a473b6779ff4,4:228d57a4246b150feece7be61dbc9d3a8a7753fe
DEBUG: LC_ALL=C JX_LOG_LEVEL=error git fetch origin --unshallow 228d57a4246b150feece7be61dbc9d3a8a7753fe: b9c6d8be9f2ffde8ec8e88f57843a473b6779ff4:
DEBUG: ran git fetch --unshallow origin 228d57a4246b150feece7be61dbc9d3a8a7753fe: b9c6d8be9f2ffde8ec8e88f57843a473b6779ff4: in 
DEBUG: LC_ALL=C JX_LOG_LEVEL=error git branch
DEBUG: LC_ALL=C JX_LOG_LEVEL=error git checkout master
DEBUG: ran git checkout master in 
DEBUG: LC_ALL=C JX_LOG_LEVEL=error git reset --hard b9c6d8be9f2ffde8ec8e88f57843a473b6779ff4
DEBUG: ran git reset --hard b9c6d8be9f2ffde8ec8e88f57843a473b6779ff4 in 
DEBUG: LC_ALL=C JX_LOG_LEVEL=error git clean -fd .
DEBUG: ran clean --force -d . in 
DEBUG: LC_ALL=C JX_LOG_LEVEL=error git merge 228d57a4246b150feece7be61dbc9d3a8a7753fe
DEBUG: ran git merge 228d57a4246b150feece7be61dbc9d3a8a7753fe in 
DEBUG: LC_ALL=C JX_LOG_LEVEL=error git log --format=%H%x1f%an%x1f%ae%x1f%cn%x1f%ce%x1f%s%n%b%x1e b9c6d8be9f2ffde8ec8e88f57843a473b6779ff4..HEAD
Merged SHA 228d57a4246b150feece7be61dbc9d3a8a7753fe with commit message 'chore: Promote bdd-sbhg-1586241800 to version 0.0.1' into base branch master

Showing logs for build [32mcb-kubecd-environment-pr-195-34-6qwxk-1[0m stage [32mfrom-build-pack[0m and container [32mstep-build-helm-build[0m
WARNING: No $CHART_REPOSITORY defined so using the default value of: http://jenkins-x-chartmuseum:8080
Adding missing Helm repo: storage.googleapis.com https://storage.googleapis.com/chartmuseum.jenkins-x.io
WARNING: No secrets found on "helm/repos" due: reading the secret "helm/repos" from vault: no secret "helm/repos" not found in vault
Read credentials for https://storage.googleapis.com/chartmuseum.jenkins-x.io from vault helm/repos
Successfully added Helm repository storage.googleapis.com.
Adding missing Helm repo: jenkins-x-chartmuseum http://jenkins-x-chartmuseum:8080
WARNING: No secrets found on "helm/repos" due: reading the secret "helm/repos" from vault: no secret "helm/repos" not found in vault
Read credentials for http://jenkins-x-chartmuseum:8080 from vault helm/repos
Successfully added Helm repository jenkins-x-chartmuseum.
WARNING: No $CHART_REPOSITORY defined so using the default value of: http://jenkins-x-chartmuseum:8080
Adding missing Helm repo: chartmuseum.jenkins-x.io http://chartmuseum.jenkins-x.io
WARNING: No secrets found on "helm/repos" due: reading the secret "helm/repos" from vault: no secret "helm/repos" not found in vault
Read credentials for http://chartmuseum.jenkins-x.io from vault helm/repos
Successfully added Helm repository chartmuseum.jenkins-x.io.
