
Showing logs for build [32mcb-kubecd-environment-pr-195-34-wtk6b-1[0m stage [32mfrom-build-pack[0m and container [32mstep-credential-initializer-fmll7[0m
{"level":"warn","ts":1586245862.5337894,"logger":"fallback-logger","caller":"logging/config.go:69","msg":"Fetch GitHub commit ID from kodata failed: \"ref: refs/heads/0.8.0-**-support-backwards-incompats\" is not a valid GitHub commit ID"}
{"level":"info","ts":1586245862.5347843,"logger":"fallback-logger","caller":"creds-init/main.go:40","msg":"Credentials initialized."}

Showing logs for build [32mcb-kubecd-environment-pr-195-34-wtk6b-1[0m stage [32mfrom-build-pack[0m and container [32mstep-working-dir-initializer-jwwmb[0m
{"level":"warn","ts":1586245863.3808463,"logger":"fallback-logger","caller":"logging/config.go:69","msg":"Fetch GitHub commit ID from kodata failed: open /var/run/ko/HEAD: no such file or directory"}
{"level":"info","ts":1586245863.391044,"logger":"fallback-logger","caller":"bash/main.go:64","msg":"Successfully executed command \"sh -c mkdir -p /workspace/source\"; output "}

Showing logs for build [32mcb-kubecd-environment-pr-195-34-wtk6b-1[0m stage [32mfrom-build-pack[0m and container [32mstep-place-tools[0m

Showing logs for build [32mcb-kubecd-environment-pr-195-34-wtk6b-1[0m stage [32mfrom-build-pack[0m and container [32mstep-git-source-cb-kubecd-environment-pr-195-34-wtk6b-tm92g[0m
{"level":"warn","ts":1586245868.72716,"logger":"fallback-logger","caller":"logging/config.go:69","msg":"Fetch GitHub commit ID from kodata failed: \"ref: refs/heads/0.8.0-**-support-backwards-incompats\" is not a valid GitHub commit ID"}
{"level":"info","ts":1586245869.9198787,"logger":"fallback-logger","caller":"git/git.go:103","msg":"Successfully cloned https://github.com/cb-kubecd/environment-pr-195-34-boot-gke-staging.git @ master in path /workspace/source"}

Showing logs for build [32mcb-kubecd-environment-pr-195-34-wtk6b-1[0m stage [32mfrom-build-pack[0m and container [32mstep-git-merge[0m
Using SHAs from PULL_REFS=master:4db733689d153c57d7a683be4e1d9558470b9bd8,8:d22e15559a0ffeaed05ea637fc7ba1b4708e3e6c
DEBUG: LC_ALL=C JX_LOG_LEVEL=error git fetch origin --unshallow d22e15559a0ffeaed05ea637fc7ba1b4708e3e6c: 4db733689d153c57d7a683be4e1d9558470b9bd8:
DEBUG: ran git fetch --unshallow origin d22e15559a0ffeaed05ea637fc7ba1b4708e3e6c: 4db733689d153c57d7a683be4e1d9558470b9bd8: in 
DEBUG: JX_LOG_LEVEL=error LC_ALL=C git branch
DEBUG: JX_LOG_LEVEL=error LC_ALL=C git checkout master
DEBUG: ran git checkout master in 
DEBUG: LC_ALL=C JX_LOG_LEVEL=error git reset --hard 4db733689d153c57d7a683be4e1d9558470b9bd8
DEBUG: ran git reset --hard 4db733689d153c57d7a683be4e1d9558470b9bd8 in 
DEBUG: LC_ALL=C JX_LOG_LEVEL=error git clean -fd .
DEBUG: ran clean --force -d . in 
DEBUG: LC_ALL=C JX_LOG_LEVEL=error git merge d22e15559a0ffeaed05ea637fc7ba1b4708e3e6c
DEBUG: ran git merge d22e15559a0ffeaed05ea637fc7ba1b4708e3e6c in 
DEBUG: LC_ALL=C JX_LOG_LEVEL=error git log --format=%H%x1f%an%x1f%ae%x1f%cn%x1f%ce%x1f%s%n%b%x1e 4db733689d153c57d7a683be4e1d9558470b9bd8..HEAD
Merged SHA d22e15559a0ffeaed05ea637fc7ba1b4708e3e6c with commit message 'chore: Promote bdd-nh-import-1586243995 to version 0.0.1' into base branch master

Showing logs for build [32mcb-kubecd-environment-pr-195-34-wtk6b-1[0m stage [32mfrom-build-pack[0m and container [32mstep-build-helm-build[0m
WARNING: No $CHART_REPOSITORY defined so using the default value of: http://jenkins-x-chartmuseum:8080
Adding missing Helm repo: storage.googleapis.com https://storage.googleapis.com/chartmuseum.jenkins-x.io
WARNING: No secrets found on "helm/repos" due: reading the secret "helm/repos" from vault: no secret "helm/repos" not found in vault
Read credentials for https://storage.googleapis.com/chartmuseum.jenkins-x.io from vault helm/repos
Successfully added Helm repository storage.googleapis.com.
Adding missing Helm repo: jenkins-x-chartmuseum http://jenkins-x-chartmuseum:8080
WARNING: No secrets found on "helm/repos" due: reading the secret "helm/repos" from vault: no secret "helm/repos" not found in vault
Read credentials for http://jenkins-x-chartmuseum:8080 from vault helm/repos
Successfully added Helm repository jenkins-x-chartmuseum.
WARNING: No $CHART_REPOSITORY defined so using the default value of: http://jenkins-x-chartmuseum:8080
Adding missing Helm repo: chartmuseum.jenkins-x.io http://chartmuseum.jenkins-x.io
WARNING: No secrets found on "helm/repos" due: reading the secret "helm/repos" from vault: no secret "helm/repos" not found in vault
Read credentials for http://chartmuseum.jenkins-x.io from vault helm/repos
Successfully added Helm repository chartmuseum.jenkins-x.io.
